Compiling the C compiler identification source file "CMakeCCompilerId.c" failed.
Compiler: C:/ncs/v1.9.1/toolchain/opt/bin/arm-none-eabi-gcc.exe 
Build flags: 
Id flags:  

The output was:
1
c:/ncs/v1.9.1/toolchain/opt/bin/../lib/gcc/arm-none-eabi/9.2.1/../../../../arm-none-eabi/bin/ld.exe: c:/ncs/v1.9.1/toolchain/opt/bin/../lib/gcc/arm-none-eabi/9.2.1/../../../../arm-none-eabi/lib\libc.a(lib_a-exit.o): in function `exit':
exit.c:(.text.exit+0x2c): undefined reference to `_exit'
collect2.exe: error: ld returned 1 exit status


Compiling the CXX compiler identification source file "CMakeCXXCompilerId.cpp" failed.
Compiler: C:/ncs/v1.9.1/toolchain/opt/bin/arm-none-eabi-gcc.exe 
Build flags: 
Id flags:  

The output was:
1
c:/ncs/v1.9.1/toolchain/opt/bin/../lib/gcc/arm-none-eabi/9.2.1/../../../../arm-none-eabi/bin/ld.exe: c:/ncs/v1.9.1/toolchain/opt/bin/../lib/gcc/arm-none-eabi/9.2.1/../../../../arm-none-eabi/lib\libc.a(lib_a-exit.o): in function `exit':
exit.c:(.text.exit+0x2c): undefined reference to `_exit'
collect2.exe: error: ld returned 1 exit status


Performing C SOURCE FILE Test check_mstack_protector_guard_global_C__nostartfiles__nostdlib__isystem__c__ncs_v1_9_1_toolchain_opt_bin____lib_gcc_arm_none_eabi_9_2_1_include___isystem__c__ncs_v1_9_1_toolchain_opt_bin____lib_gcc_arm_none_eabi_9_2_1_include_fixed___Wl___unresolved_symbols_ignore_in_object_files__Wl___entry_0 failed with the following output:
Change Dir: C:/apoplexmed/Appli/ichip/build_1/CMakeFiles/CMakeTmp

Run Build Command(s):C:/ncs/v1.9.1/toolchain/opt/bin/ninja.exe cmTC_b1f04 && [1/2] Building C object CMakeFiles/cmTC_b1f04.dir/src.c.obj
FAILED: CMakeFiles/cmTC_b1f04.dir/src.c.obj 
C:\ncs\v1.9.1\toolchain\opt\bin\arm-none-eabi-gcc.exe -Dcheck_mstack_protector_guard_global_C__nostartfiles__nostdlib__isystem__c__ncs_v1_9_1_toolchain_opt_bin____lib_gcc_arm_none_eabi_9_2_1_include___isystem__c__ncs_v1_9_1_toolchain_opt_bin____lib_gcc_arm_none_eabi_9_2_1_include_fixed___Wl___unresolved_symbols_ignore_in_object_files__Wl___entry_0  -nostartfiles -nostdlib -isystem "c:/ncs/v1.9.1/toolchain/opt/bin/../lib/gcc/arm-none-eabi/9.2.1/include" -isystem "c:/ncs/v1.9.1/toolchain/opt/bin/../lib/gcc/arm-none-eabi/9.2.1/include-fixed" -Wl,--unresolved-symbols=ignore-in-object-files -Wl,--entry=0   -mstack-protector-guard=global -o CMakeFiles/cmTC_b1f04.dir/src.c.obj -c src.c
arm-none-eabi-gcc.exe: error: unrecognized command line option '-mstack-protector-guard=global'; did you mean '-fstack-protector-all'?
ninja: build stopped: subcommand failed.


Source file was:
int main(void) { return 0; }
Performing C SOURCE FILE Test check_C__nostartfiles__nostdlib__isystem__c__ncs_v1_9_1_toolchain_opt_bin____lib_gcc_arm_none_eabi_9_2_1_include___isystem__c__ncs_v1_9_1_toolchain_opt_bin____lib_gcc_arm_none_eabi_9_2_1_include_fixed___Wl___unresolved_symbols_ignore_in_object_files__Wl___entry_0__lasan failed with the following output:
Change Dir: C:/apoplexmed/Appli/ichip/build_1/CMakeFiles/CMakeTmp

Run Build Command(s):C:/ncs/v1.9.1/toolchain/opt/bin/ninja.exe cmTC_8f4db && [1/2] Building C object CMakeFiles/cmTC_8f4db.dir/src.c.obj
[2/2] Linking C executable cmTC_8f4db
FAILED: cmTC_8f4db 
cmd.exe /C "cd . && C:\ncs\v1.9.1\toolchain\opt\bin\arm-none-eabi-gcc.exe -nostartfiles -nostdlib -isystem "c:/ncs/v1.9.1/toolchain/opt/bin/../lib/gcc/arm-none-eabi/9.2.1/include" -isystem "c:/ncs/v1.9.1/toolchain/opt/bin/../lib/gcc/arm-none-eabi/9.2.1/include-fixed" -Wl,--unresolved-symbols=ignore-in-object-files -Wl,--entry=0 -lasan  CMakeFiles/cmTC_8f4db.dir/src.c.obj -o cmTC_8f4db   && cd ."
c:/ncs/v1.9.1/toolchain/opt/bin/../lib/gcc/arm-none-eabi/9.2.1/../../../../arm-none-eabi/bin/ld.exe: cannot find -lasan
collect2.exe: error: ld returned 1 exit status
ninja: build stopped: subcommand failed.


Source file was:
int main(void) { return 0; }
